<?xml version="1.0" encoding="UTF-8"?>
<testsuite xmlns:xsi="http://www.w3.org/2001/XMLSchema-instance" xsi:noNamespaceSchemaLocation="https://maven.apache.org/surefire/maven-surefire-plugin/xsd/surefire-test-report-3.0.xsd" version="3.0" name="com.biblioteca.unaBiblio.UnaBiblioApplicationTests" time="12.935" tests="1" errors="0" skipped="0" failures="0">
  <properties>
[...]
</properties>
  <testcase name="contextLoads" classname="com.biblioteca.unaBiblio.UnaBiblioApplicationTests" time="0.52">
    <system-out><![CDATA[22:45:03.524 [main] INFO org.springframework.test.context.support.AnnotationConfigContextLoaderUtils -- Could not detect default configuration classes for test class [com.biblioteca.unaBiblio.UnaBiblioApplicationTests]: UnaBiblioApplicationTests does not declare any static, non-private, non-final, nested classes annotated with @Configuration.
22:45:03.647 [main] INFO org.springframework.boot.test.context.SpringBootTestContextBootstrapper -- Found @SpringBootConfiguration com.biblioteca.unaBiblio.UnaBiblioApplication for test class com.biblioteca.unaBiblio.UnaBiblioApplicationTests

  .   ____          _            __ _ _
 /\\ / ___'_ __ _ _(_)_ __  __ _ \ \ \ \
( ( )\___ | '_ | '_| | '_ \/ _` | \ \ \ \
 \\/  ___)| |_)| | | | | || (_| |  ) ) ) )
  '  |____| .__|_| |_|_| |_\__, | / / / /
 =========|_|==============|___/=/_/_/_/

 :: Spring Boot ::                (v3.3.4)

2024-12-02T22:45:04.156-03:00  INFO 16056 --- [unaBiblio] [           main] c.b.unaBiblio.UnaBiblioApplicationTests  : Starting UnaBiblioApplicationTests using Java 22.0.2 with PID 16056 (started by dago in /Users/dago/Documents/UNA/Proyecto II/unaBiblio 2.0/unaBiblio)
2024-12-02T22:45:04.158-03:00  INFO 16056 --- [unaBiblio] [           main] c.b.unaBiblio.UnaBiblioApplicationTests  : No active profile set, falling back to 1 default profile: "default"
2024-12-02T22:45:04.860-03:00  INFO 16056 --- [unaBiblio] [           main] .s.d.r.c.RepositoryConfigurationDelegate : Bootstrapping Spring Data JPA repositories in DEFAULT mode.
2024-12-02T22:45:04.927-03:00  INFO 16056 --- [unaBiblio] [           main] .s.d.r.c.RepositoryConfigurationDelegate : Finished Spring Data repository scanning in 59 ms. Found 5 JPA repository interfaces.
2024-12-02T22:45:05.388-03:00  INFO 16056 --- [unaBiblio] [           main] o.hibernate.jpa.internal.util.LogHelper  : HHH000204: Processing PersistenceUnitInfo [name: default]
2024-12-02T22:45:05.442-03:00  INFO 16056 --- [unaBiblio] [           main] org.hibernate.Version                    : HHH000412: Hibernate ORM core version 6.5.3.Final
2024-12-02T22:45:05.470-03:00  INFO 16056 --- [unaBiblio] [           main] o.h.c.internal.RegionFactoryInitiator    : HHH000026: Second-level cache disabled
2024-12-02T22:45:05.760-03:00  INFO 16056 --- [unaBiblio] [           main] o.s.o.j.p.SpringPersistenceUnitInfo      : No LoadTimeWeaver setup: ignoring JPA class transformer
2024-12-02T22:45:05.789-03:00  INFO 16056 --- [unaBiblio] [           main] com.zaxxer.hikari.HikariDataSource       : HikariPool-1 - Starting...
2024-12-02T22:45:08.686-03:00  INFO 16056 --- [unaBiblio] [           main] com.zaxxer.hikari.pool.HikariPool        : HikariPool-1 - Added connection org.postgresql.jdbc.PgConnection@7657d90b
2024-12-02T22:45:08.688-03:00  INFO 16056 --- [unaBiblio] [           main] com.zaxxer.hikari.HikariDataSource       : HikariPool-1 - Start completed.
2024-12-02T22:45:08.951-03:00  WARN 16056 --- [unaBiblio] [           main] org.hibernate.orm.deprecation            : HHH90000025: PostgreSQLDialect does not need to be specified explicitly using 'hibernate.dialect' (remove the property setting and it will be selected by default)
2024-12-02T22:45:10.361-03:00  INFO 16056 --- [unaBiblio] [           main] o.h.e.t.j.p.i.JtaPlatformInitiator       : HHH000489: No JTA platform available (set 'hibernate.transaction.jta.platform' to enable JTA platform integration)
Hibernate: create table prestamo_libro (id_prestamo integer generated by default as identity, estado_prestamo varchar(255), fecha_devolucion timestamp(6), fecha_prestamo timestamp(6), observaciones varchar(255), id_alumno integer not null, id_bibliotecario integer not null, id_libro integer not null, primary key (id_prestamo))
Hibernate: alter table if exists prestamo_libro add constraint FKhidwf7p2g0u5q15usrb6xv5t foreign key (id_alumno) references usuarios
Hibernate: alter table if exists prestamo_libro add constraint FKr6cqi2tpjih7qeympiooq5v76 foreign key (id_bibliotecario) references usuarios
Hibernate: alter table if exists prestamo_libro add constraint FKjp19ncgyynx9n8884aukhjath foreign key (id_libro) references libros
2024-12-02T22:45:14.850-03:00  INFO 16056 --- [unaBiblio] [           main] j.LocalContainerEntityManagerFactoryBean : Initialized JPA EntityManagerFactory for persistence unit 'default'
2024-12-02T22:45:15.358-03:00  WARN 16056 --- [unaBiblio] [           main] JpaBaseConfiguration$JpaWebConfiguration : spring.jpa.open-in-view is enabled by default. Therefore, database queries may be performed during view rendering. Explicitly configure spring.jpa.open-in-view to disable this warning
2024-12-02T22:45:15.734-03:00  INFO 16056 --- [unaBiblio] [           main] c.b.unaBiblio.UnaBiblioApplicationTests  : Started UnaBiblioApplicationTests in 11.947 seconds (process running for 12.959)
]]></system-out>
    <system-err><![CDATA[WARNING: A Java agent has been loaded dynamically (/Users/dago/.m2/repository/net/bytebuddy/byte-buddy-agent/1.14.19/byte-buddy-agent-1.14.19.jar)
WARNING: If a serviceability tool is in use, please run with -XX:+EnableDynamicAgentLoading to hide this warning
WARNING: If a serviceability tool is not in use, please run with -Djdk.instrument.traceUsage for more information
WARNING: Dynamic loading of agents will be disallowed by default in a future release
]]></system-err>
  </testcase>
</testsuite>