<?xml version="1.0" encoding="UTF-8"?>
<testsuite xmlns:xsi="http://www.w3.org/2001/XMLSchema-instance" xsi:noNamespaceSchemaLocation="https://maven.apache.org/surefire/maven-surefire-plugin/xsd/surefire-test-report-3.0.xsd" version="3.0" name="com.biblioteca.unaBiblio.UnaBiblioApplicationTests" time="7.886" tests="1" errors="0" skipped="0" failures="0">
  <properties>
[...]
</properties>
  <testcase name="contextLoads" classname="com.biblioteca.unaBiblio.UnaBiblioApplicationTests" time="0.474">
    <system-out><![CDATA[00:27:45.196 [main] INFO org.springframework.test.context.support.AnnotationConfigContextLoaderUtils -- Could not detect default configuration classes for test class [com.biblioteca.unaBiblio.UnaBiblioApplicationTests]: UnaBiblioApplicationTests does not declare any static, non-private, non-final, nested classes annotated with @Configuration.
00:27:45.360 [main] INFO org.springframework.boot.test.context.SpringBootTestContextBootstrapper -- Found @SpringBootConfiguration com.biblioteca.unaBiblio.UnaBiblioApplication for test class com.biblioteca.unaBiblio.UnaBiblioApplicationTests

  .   ____          _            __ _ _
 /\\ / ___'_ __ _ _(_)_ __  __ _ \ \ \ \
( ( )\___ | '_ | '_| | '_ \/ _` | \ \ \ \
 \\/  ___)| |_)| | | | | || (_| |  ) ) ) )
  '  |____| .__|_| |_|_| |_\__, | / / / /
 =========|_|==============|___/=/_/_/_/

 :: Spring Boot ::                (v3.3.4)

2025-07-04T00:27:46.029-03:00  INFO 19152 --- [unaBiblio] [           main] c.b.unaBiblio.UnaBiblioApplicationTests  : Starting UnaBiblioApplicationTests using Java 17.0.12 with PID 19152 (started by pablo.bogado in C:\Users\pablo.bogado\Desktop\Dev\unaBiblio\unaBiblio)
2025-07-04T00:27:46.030-03:00  INFO 19152 --- [unaBiblio] [           main] c.b.unaBiblio.UnaBiblioApplicationTests  : No active profile set, falling back to 1 default profile: "default"
2025-07-04T00:27:46.987-03:00  INFO 19152 --- [unaBiblio] [           main] .s.d.r.c.RepositoryConfigurationDelegate : Bootstrapping Spring Data JPA repositories in DEFAULT mode.
2025-07-04T00:27:47.073-03:00  INFO 19152 --- [unaBiblio] [           main] .s.d.r.c.RepositoryConfigurationDelegate : Finished Spring Data repository scanning in 77 ms. Found 10 JPA repository interfaces.
2025-07-04T00:27:47.797-03:00  INFO 19152 --- [unaBiblio] [           main] o.hibernate.jpa.internal.util.LogHelper  : HHH000204: Processing PersistenceUnitInfo [name: default]
2025-07-04T00:27:47.885-03:00  INFO 19152 --- [unaBiblio] [           main] org.hibernate.Version                    : HHH000412: Hibernate ORM core version 6.5.3.Final
2025-07-04T00:27:47.943-03:00  INFO 19152 --- [unaBiblio] [           main] o.h.c.internal.RegionFactoryInitiator    : HHH000026: Second-level cache disabled
2025-07-04T00:27:48.402-03:00  INFO 19152 --- [unaBiblio] [           main] o.s.o.j.p.SpringPersistenceUnitInfo      : No LoadTimeWeaver setup: ignoring JPA class transformer
2025-07-04T00:27:48.445-03:00  INFO 19152 --- [unaBiblio] [           main] com.zaxxer.hikari.HikariDataSource       : HikariPool-1 - Starting...
2025-07-04T00:27:48.656-03:00  INFO 19152 --- [unaBiblio] [           main] com.zaxxer.hikari.pool.HikariPool        : HikariPool-1 - Added connection org.postgresql.jdbc.PgConnection@1d1c37d5
2025-07-04T00:27:48.660-03:00  INFO 19152 --- [unaBiblio] [           main] com.zaxxer.hikari.HikariDataSource       : HikariPool-1 - Start completed.
2025-07-04T00:27:48.698-03:00  WARN 19152 --- [unaBiblio] [           main] org.hibernate.orm.deprecation            : HHH90000025: PostgreSQLDialect does not need to be specified explicitly using 'hibernate.dialect' (remove the property setting and it will be selected by default)
2025-07-04T00:27:49.916-03:00  INFO 19152 --- [unaBiblio] [           main] o.h.e.t.j.p.i.JtaPlatformInitiator       : HHH000489: No JTA platform available (set 'hibernate.transaction.jta.platform' to enable JTA platform integration)
2025-07-04T00:27:50.075-03:00  INFO 19152 --- [unaBiblio] [           main] j.LocalContainerEntityManagerFactoryBean : Initialized JPA EntityManagerFactory for persistence unit 'default'
2025-07-04T00:27:50.632-03:00  INFO 19152 --- [unaBiblio] [           main] o.s.d.j.r.query.QueryEnhancerFactory     : Hibernate is in classpath; If applicable, HQL parser will be used.
2025-07-04T00:27:51.280-03:00  WARN 19152 --- [unaBiblio] [           main] JpaBaseConfiguration$JpaWebConfiguration : spring.jpa.open-in-view is enabled by default. Therefore, database queries may be performed during view rendering. Explicitly configure spring.jpa.open-in-view to disable this warning
2025-07-04T00:27:51.328-03:00  INFO 19152 --- [unaBiblio] [           main] r$InitializeUserDetailsManagerConfigurer : Global AuthenticationManager configured with UserDetailsService bean with name inMemoryUserDetailsManager
2025-07-04T00:27:52.330-03:00  INFO 19152 --- [unaBiblio] [           main] c.b.unaBiblio.UnaBiblioApplicationTests  : Started UnaBiblioApplicationTests in 6.704 seconds (process running for 8.103)
]]></system-out>
  </testcase>
</testsuite>